<?xml version="1.0" encoding="UTF-8"?>
<!-- Generated by org.testng.reporters.JUnitXMLReporter -->
<testsuite ignored="0" hostname="LAPTOP-KB7KK6RH" failures="2" tests="3" name="Default test" time="44.211" errors="0" timestamp="2022-02-21T11:58:51 IST">
  <testcase classname="com.qkm1.android.AndroidSample" name="test_01" time="10.599"/>
  <testcase classname="com.qkm1.android.AndroidSample" name="test_02" time="0.199">
    <failure type="org.openqa.selenium.NoSuchElementException" message="An element could not be located on the page using the given search parameters.
For documentation on this error, please visit: https://www.seleniumhq.org/exceptions/no_such_element.html
Build info: version: &amp;apos;3.141.59&amp;apos;, revision: &amp;apos;e82be7d358&amp;apos;, time: &amp;apos;2018-11-14T08:17:03&amp;apos;
System info: host: &amp;apos;LAPTOP-KB7KK6RH&amp;apos;, ip: &amp;apos;192.168.0.103&amp;apos;, os.name: &amp;apos;Windows 10&amp;apos;, os.arch: &amp;apos;amd64&amp;apos;, os.version: &amp;apos;10.0&amp;apos;, java.version: &amp;apos;17&amp;apos;
Driver info: io.appium.java_client.android.AndroidDriver
Capabilities {app: /home/radmin/build/raid-dat..., appActivity: com.cricbuzz.android.ALGNSp..., appPackage: com.cricbuzz.android.vernac..., appiumVersion: 1.20.2, automationName: uiautomator2, databaseEnabled: false, desired: {app: /home/radmin/build/raid-dat..., appActivity: com.cricbuzz.android.ALGNSp..., appPackage: com.cricbuzz.android.vernac..., appiumVersion: 1.20.2, automationName: uiautomator2, deviceName: 105, launchTimeout: 90000, newCommandTimeout: 600, pCloudy_ApiKey: 3wq7qph62473cbmyf4yw5y74, pCloudy_ApplicationName: cricbuzz.apk, pCloudy_DeviceFullName: SAMSUNG_GalaxyS10_Android_1..., pCloudy_DurationInMinutes: 10, pCloudy_EnableDeviceLogs: true, pCloudy_EnablePerformanceData: true, pCloudy_EnableVideo: true, pCloudy_Username: pranith.suvarna@qualitykios..., pCloudy_WildNet: false, platformName: android, platformVersion: 11.0.0, systemPort: 30364}, deviceApiLevel: 30, deviceManufacturer: samsung, deviceModel: SM-G973F, deviceName: RZ8M30G41SD, deviceScreenDensity: 560, deviceScreenSize: 1440x3040, deviceUDID: RZ8M30G41SD, javascriptEnabled: true, launchTimeout: 90000, locationContextEnabled: false, networkConnectionEnabled: true, newCommandTimeout: 600, pCloudy_ApiKey: 3wq7qph62473cbmyf4yw5y74, pCloudy_ApplicationName: cricbuzz.apk, pCloudy_DeviceFullName: SAMSUNG_GalaxyS10_Android_1..., pCloudy_DurationInMinutes: 10, pCloudy_EnableDeviceLogs: true, pCloudy_EnablePerformanceData: true, pCloudy_EnableVideo: true, pCloudy_Username: pranith.suvarna@qualitykios..., pCloudy_WildNet: false, pixelRatio: 3.5, platform: LINUX, platformName: Android, platformVersion: 11, statBarHeight: 150, systemPort: 30364, takesScreenshot: true, viewportRect: {height: 2573, left: 0, top: 150, width: 1440}, warnings: {}, webStorageEnabled: false}
Session ID: 6de2f93b-985e-414c-8420-f90a5c6d5e0d
*** Element info: {Using=id, value=com.bitmart.bitmarket:id/main_tab_market}">
      <![CDATA[org.openqa.selenium.NoSuchElementException: An element could not be located on the page using the given search parameters.
For documentation on this error, please visit: https://www.seleniumhq.org/exceptions/no_such_element.html
Build info: version: '3.141.59', revision: 'e82be7d358', time: '2018-11-14T08:17:03'
System info: host: 'LAPTOP-KB7KK6RH', ip: '192.168.0.103', os.name: 'Windows 10', os.arch: 'amd64', os.version: '10.0', java.version: '17'
Driver info: io.appium.java_client.android.AndroidDriver
Capabilities {app: /home/radmin/build/raid-dat..., appActivity: com.cricbuzz.android.ALGNSp..., appPackage: com.cricbuzz.android.vernac..., appiumVersion: 1.20.2, automationName: uiautomator2, databaseEnabled: false, desired: {app: /home/radmin/build/raid-dat..., appActivity: com.cricbuzz.android.ALGNSp..., appPackage: com.cricbuzz.android.vernac..., appiumVersion: 1.20.2, automationName: uiautomator2, deviceName: 105, launchTimeout: 90000, newCommandTimeout: 600, pCloudy_ApiKey: 3wq7qph62473cbmyf4yw5y74, pCloudy_ApplicationName: cricbuzz.apk, pCloudy_DeviceFullName: SAMSUNG_GalaxyS10_Android_1..., pCloudy_DurationInMinutes: 10, pCloudy_EnableDeviceLogs: true, pCloudy_EnablePerformanceData: true, pCloudy_EnableVideo: true, pCloudy_Username: pranith.suvarna@qualitykios..., pCloudy_WildNet: false, platformName: android, platformVersion: 11.0.0, systemPort: 30364}, deviceApiLevel: 30, deviceManufacturer: samsung, deviceModel: SM-G973F, deviceName: RZ8M30G41SD, deviceScreenDensity: 560, deviceScreenSize: 1440x3040, deviceUDID: RZ8M30G41SD, javascriptEnabled: true, launchTimeout: 90000, locationContextEnabled: false, networkConnectionEnabled: true, newCommandTimeout: 600, pCloudy_ApiKey: 3wq7qph62473cbmyf4yw5y74, pCloudy_ApplicationName: cricbuzz.apk, pCloudy_DeviceFullName: SAMSUNG_GalaxyS10_Android_1..., pCloudy_DurationInMinutes: 10, pCloudy_EnableDeviceLogs: true, pCloudy_EnablePerformanceData: true, pCloudy_EnableVideo: true, pCloudy_Username: pranith.suvarna@qualitykios..., pCloudy_WildNet: false, pixelRatio: 3.5, platform: LINUX, platformName: Android, platformVersion: 11, statBarHeight: 150, systemPort: 30364, takesScreenshot: true, viewportRect: {height: 2573, left: 0, top: 150, width: 1440}, warnings: {}, webStorageEnabled: false}
Session ID: 6de2f93b-985e-414c-8420-f90a5c6d5e0d
*** Element info: {Using=id, value=com.bitmart.bitmarket:id/main_tab_market}
at java.base/jdk.internal.reflect.NativeConstructorAccessorImpl.newInstance0(Native Method)
at java.base/jdk.internal.reflect.NativeConstructorAccessorImpl.newInstance(NativeConstructorAccessorImpl.java:77)
at java.base/jdk.internal.reflect.DelegatingConstructorAccessorImpl.newInstance(DelegatingConstructorAccessorImpl.java:45)
at java.base/java.lang.reflect.Constructor.newInstanceWithCaller(Constructor.java:499)
at java.base/java.lang.reflect.Constructor.newInstance(Constructor.java:480)
at org.openqa.selenium.remote.http.W3CHttpResponseCodec.createException(W3CHttpResponseCodec.java:187)
at org.openqa.selenium.remote.http.W3CHttpResponseCodec.decode(W3CHttpResponseCodec.java:122)
at org.openqa.selenium.remote.http.W3CHttpResponseCodec.decode(W3CHttpResponseCodec.java:49)
at org.openqa.selenium.remote.HttpCommandExecutor.execute(HttpCommandExecutor.java:158)
at io.appium.java_client.remote.AppiumCommandExecutor.execute(AppiumCommandExecutor.java:247)
at org.openqa.selenium.remote.RemoteWebDriver.execute(RemoteWebDriver.java:552)
at io.appium.java_client.DefaultGenericMobileDriver.execute(DefaultGenericMobileDriver.java:41)
at io.appium.java_client.AppiumDriver.execute(AppiumDriver.java:1)
at io.appium.java_client.android.AndroidDriver.execute(AndroidDriver.java:1)
at org.openqa.selenium.remote.RemoteWebDriver.findElement(RemoteWebDriver.java:323)
at io.appium.java_client.DefaultGenericMobileDriver.findElement(DefaultGenericMobileDriver.java:61)
at io.appium.java_client.AppiumDriver.findElement(AppiumDriver.java:1)
at io.appium.java_client.android.AndroidDriver.findElement(AndroidDriver.java:1)
at org.openqa.selenium.remote.RemoteWebDriver.findElementById(RemoteWebDriver.java:372)
at io.appium.java_client.DefaultGenericMobileDriver.findElementById(DefaultGenericMobileDriver.java:69)
at io.appium.java_client.AppiumDriver.findElementById(AppiumDriver.java:1)
at io.appium.java_client.android.AndroidDriver.findElementById(AndroidDriver.java:1)
at com.qkm1.android.AndroidSample.test_02(AndroidSample.java:132)
at java.base/jdk.internal.reflect.NativeMethodAccessorImpl.invoke0(Native Method)
at java.base/jdk.internal.reflect.NativeMethodAccessorImpl.invoke(NativeMethodAccessorImpl.java:77)
at java.base/jdk.internal.reflect.DelegatingMethodAccessorImpl.invoke(DelegatingMethodAccessorImpl.java:43)
at java.base/java.lang.reflect.Method.invoke(Method.java:568)
at org.testng.internal.MethodInvocationHelper.invokeMethod(MethodInvocationHelper.java:133)
at org.testng.internal.TestInvoker.invokeMethod(TestInvoker.java:584)
at org.testng.internal.TestInvoker.invokeTestMethod(TestInvoker.java:172)
at org.testng.internal.MethodRunner.runInSequence(MethodRunner.java:46)
at org.testng.internal.TestInvoker$MethodInvocationAgent.invoke(TestInvoker.java:804)
at org.testng.internal.TestInvoker.invokeTestMethods(TestInvoker.java:145)
at org.testng.internal.TestMethodWorker.invokeTestMethods(TestMethodWorker.java:146)
at org.testng.internal.TestMethodWorker.run(TestMethodWorker.java:128)
at java.base/java.util.ArrayList.forEach(ArrayList.java:1511)
at org.testng.TestRunner.privateRun(TestRunner.java:770)
at org.testng.TestRunner.run(TestRunner.java:591)
at org.testng.SuiteRunner.runTest(SuiteRunner.java:402)
at org.testng.SuiteRunner.runSequentially(SuiteRunner.java:396)
at org.testng.SuiteRunner.privateRun(SuiteRunner.java:355)
at org.testng.SuiteRunner.run(SuiteRunner.java:304)
at org.testng.SuiteRunnerWorker.runSuite(SuiteRunnerWorker.java:53)
at org.testng.SuiteRunnerWorker.run(SuiteRunnerWorker.java:96)
at org.testng.TestNG.runSuitesSequentially(TestNG.java:1180)
at org.testng.TestNG.runSuitesLocally(TestNG.java:1102)
at org.testng.TestNG.runSuites(TestNG.java:1032)
at org.testng.TestNG.run(TestNG.java:1000)
at org.testng.remote.AbstractRemoteTestNG.run(AbstractRemoteTestNG.java:115)
at org.testng.remote.RemoteTestNG.initAndRun(RemoteTestNG.java:251)
at org.testng.remote.RemoteTestNG.main(RemoteTestNG.java:77)
]]>
    </failure>
  </testcase> <!-- test_02 -->
  <testcase classname="com.qkm1.android.AndroidSample" name="test_03" time="0.172">
    <failure type="org.openqa.selenium.NoSuchElementException" message="An element could not be located on the page using the given search parameters.
For documentation on this error, please visit: https://www.seleniumhq.org/exceptions/no_such_element.html
Build info: version: &amp;apos;3.141.59&amp;apos;, revision: &amp;apos;e82be7d358&amp;apos;, time: &amp;apos;2018-11-14T08:17:03&amp;apos;
System info: host: &amp;apos;LAPTOP-KB7KK6RH&amp;apos;, ip: &amp;apos;192.168.0.103&amp;apos;, os.name: &amp;apos;Windows 10&amp;apos;, os.arch: &amp;apos;amd64&amp;apos;, os.version: &amp;apos;10.0&amp;apos;, java.version: &amp;apos;17&amp;apos;
Driver info: io.appium.java_client.android.AndroidDriver
Capabilities {app: /home/radmin/build/raid-dat..., appActivity: com.cricbuzz.android.ALGNSp..., appPackage: com.cricbuzz.android.vernac..., appiumVersion: 1.20.2, automationName: uiautomator2, databaseEnabled: false, desired: {app: /home/radmin/build/raid-dat..., appActivity: com.cricbuzz.android.ALGNSp..., appPackage: com.cricbuzz.android.vernac..., appiumVersion: 1.20.2, automationName: uiautomator2, deviceName: 105, launchTimeout: 90000, newCommandTimeout: 600, pCloudy_ApiKey: 3wq7qph62473cbmyf4yw5y74, pCloudy_ApplicationName: cricbuzz.apk, pCloudy_DeviceFullName: SAMSUNG_GalaxyS10_Android_1..., pCloudy_DurationInMinutes: 10, pCloudy_EnableDeviceLogs: true, pCloudy_EnablePerformanceData: true, pCloudy_EnableVideo: true, pCloudy_Username: pranith.suvarna@qualitykios..., pCloudy_WildNet: false, platformName: android, platformVersion: 11.0.0, systemPort: 30364}, deviceApiLevel: 30, deviceManufacturer: samsung, deviceModel: SM-G973F, deviceName: RZ8M30G41SD, deviceScreenDensity: 560, deviceScreenSize: 1440x3040, deviceUDID: RZ8M30G41SD, javascriptEnabled: true, launchTimeout: 90000, locationContextEnabled: false, networkConnectionEnabled: true, newCommandTimeout: 600, pCloudy_ApiKey: 3wq7qph62473cbmyf4yw5y74, pCloudy_ApplicationName: cricbuzz.apk, pCloudy_DeviceFullName: SAMSUNG_GalaxyS10_Android_1..., pCloudy_DurationInMinutes: 10, pCloudy_EnableDeviceLogs: true, pCloudy_EnablePerformanceData: true, pCloudy_EnableVideo: true, pCloudy_Username: pranith.suvarna@qualitykios..., pCloudy_WildNet: false, pixelRatio: 3.5, platform: LINUX, platformName: Android, platformVersion: 11, statBarHeight: 150, systemPort: 30364, takesScreenshot: true, viewportRect: {height: 2573, left: 0, top: 150, width: 1440}, warnings: {}, webStorageEnabled: false}
Session ID: 6de2f93b-985e-414c-8420-f90a5c6d5e0d
*** Element info: {Using=id, value=com.bitmart.bitmarket:id/home_drawer_toggle}">
      <![CDATA[org.openqa.selenium.NoSuchElementException: An element could not be located on the page using the given search parameters.
For documentation on this error, please visit: https://www.seleniumhq.org/exceptions/no_such_element.html
Build info: version: '3.141.59', revision: 'e82be7d358', time: '2018-11-14T08:17:03'
System info: host: 'LAPTOP-KB7KK6RH', ip: '192.168.0.103', os.name: 'Windows 10', os.arch: 'amd64', os.version: '10.0', java.version: '17'
Driver info: io.appium.java_client.android.AndroidDriver
Capabilities {app: /home/radmin/build/raid-dat..., appActivity: com.cricbuzz.android.ALGNSp..., appPackage: com.cricbuzz.android.vernac..., appiumVersion: 1.20.2, automationName: uiautomator2, databaseEnabled: false, desired: {app: /home/radmin/build/raid-dat..., appActivity: com.cricbuzz.android.ALGNSp..., appPackage: com.cricbuzz.android.vernac..., appiumVersion: 1.20.2, automationName: uiautomator2, deviceName: 105, launchTimeout: 90000, newCommandTimeout: 600, pCloudy_ApiKey: 3wq7qph62473cbmyf4yw5y74, pCloudy_ApplicationName: cricbuzz.apk, pCloudy_DeviceFullName: SAMSUNG_GalaxyS10_Android_1..., pCloudy_DurationInMinutes: 10, pCloudy_EnableDeviceLogs: true, pCloudy_EnablePerformanceData: true, pCloudy_EnableVideo: true, pCloudy_Username: pranith.suvarna@qualitykios..., pCloudy_WildNet: false, platformName: android, platformVersion: 11.0.0, systemPort: 30364}, deviceApiLevel: 30, deviceManufacturer: samsung, deviceModel: SM-G973F, deviceName: RZ8M30G41SD, deviceScreenDensity: 560, deviceScreenSize: 1440x3040, deviceUDID: RZ8M30G41SD, javascriptEnabled: true, launchTimeout: 90000, locationContextEnabled: false, networkConnectionEnabled: true, newCommandTimeout: 600, pCloudy_ApiKey: 3wq7qph62473cbmyf4yw5y74, pCloudy_ApplicationName: cricbuzz.apk, pCloudy_DeviceFullName: SAMSUNG_GalaxyS10_Android_1..., pCloudy_DurationInMinutes: 10, pCloudy_EnableDeviceLogs: true, pCloudy_EnablePerformanceData: true, pCloudy_EnableVideo: true, pCloudy_Username: pranith.suvarna@qualitykios..., pCloudy_WildNet: false, pixelRatio: 3.5, platform: LINUX, platformName: Android, platformVersion: 11, statBarHeight: 150, systemPort: 30364, takesScreenshot: true, viewportRect: {height: 2573, left: 0, top: 150, width: 1440}, warnings: {}, webStorageEnabled: false}
Session ID: 6de2f93b-985e-414c-8420-f90a5c6d5e0d
*** Element info: {Using=id, value=com.bitmart.bitmarket:id/home_drawer_toggle}
at java.base/jdk.internal.reflect.NativeConstructorAccessorImpl.newInstance0(Native Method)
at java.base/jdk.internal.reflect.NativeConstructorAccessorImpl.newInstance(NativeConstructorAccessorImpl.java:77)
at java.base/jdk.internal.reflect.DelegatingConstructorAccessorImpl.newInstance(DelegatingConstructorAccessorImpl.java:45)
at java.base/java.lang.reflect.Constructor.newInstanceWithCaller(Constructor.java:499)
at java.base/java.lang.reflect.Constructor.newInstance(Constructor.java:480)
at org.openqa.selenium.remote.http.W3CHttpResponseCodec.createException(W3CHttpResponseCodec.java:187)
at org.openqa.selenium.remote.http.W3CHttpResponseCodec.decode(W3CHttpResponseCodec.java:122)
at org.openqa.selenium.remote.http.W3CHttpResponseCodec.decode(W3CHttpResponseCodec.java:49)
at org.openqa.selenium.remote.HttpCommandExecutor.execute(HttpCommandExecutor.java:158)
at io.appium.java_client.remote.AppiumCommandExecutor.execute(AppiumCommandExecutor.java:247)
at org.openqa.selenium.remote.RemoteWebDriver.execute(RemoteWebDriver.java:552)
at io.appium.java_client.DefaultGenericMobileDriver.execute(DefaultGenericMobileDriver.java:41)
at io.appium.java_client.AppiumDriver.execute(AppiumDriver.java:1)
at io.appium.java_client.android.AndroidDriver.execute(AndroidDriver.java:1)
at org.openqa.selenium.remote.RemoteWebDriver.findElement(RemoteWebDriver.java:323)
at io.appium.java_client.DefaultGenericMobileDriver.findElement(DefaultGenericMobileDriver.java:61)
at io.appium.java_client.AppiumDriver.findElement(AppiumDriver.java:1)
at io.appium.java_client.android.AndroidDriver.findElement(AndroidDriver.java:1)
at org.openqa.selenium.remote.RemoteWebDriver.findElementById(RemoteWebDriver.java:372)
at io.appium.java_client.DefaultGenericMobileDriver.findElementById(DefaultGenericMobileDriver.java:69)
at io.appium.java_client.AppiumDriver.findElementById(AppiumDriver.java:1)
at io.appium.java_client.android.AndroidDriver.findElementById(AndroidDriver.java:1)
at com.qkm1.android.AndroidSample.test_03(AndroidSample.java:139)
at java.base/jdk.internal.reflect.NativeMethodAccessorImpl.invoke0(Native Method)
at java.base/jdk.internal.reflect.NativeMethodAccessorImpl.invoke(NativeMethodAccessorImpl.java:77)
at java.base/jdk.internal.reflect.DelegatingMethodAccessorImpl.invoke(DelegatingMethodAccessorImpl.java:43)
at java.base/java.lang.reflect.Method.invoke(Method.java:568)
at org.testng.internal.MethodInvocationHelper.invokeMethod(MethodInvocationHelper.java:133)
at org.testng.internal.TestInvoker.invokeMethod(TestInvoker.java:584)
at org.testng.internal.TestInvoker.invokeTestMethod(TestInvoker.java:172)
at org.testng.internal.MethodRunner.runInSequence(MethodRunner.java:46)
at org.testng.internal.TestInvoker$MethodInvocationAgent.invoke(TestInvoker.java:804)
at org.testng.internal.TestInvoker.invokeTestMethods(TestInvoker.java:145)
at org.testng.internal.TestMethodWorker.invokeTestMethods(TestMethodWorker.java:146)
at org.testng.internal.TestMethodWorker.run(TestMethodWorker.java:128)
at java.base/java.util.ArrayList.forEach(ArrayList.java:1511)
at org.testng.TestRunner.privateRun(TestRunner.java:770)
at org.testng.TestRunner.run(TestRunner.java:591)
at org.testng.SuiteRunner.runTest(SuiteRunner.java:402)
at org.testng.SuiteRunner.runSequentially(SuiteRunner.java:396)
at org.testng.SuiteRunner.privateRun(SuiteRunner.java:355)
at org.testng.SuiteRunner.run(SuiteRunner.java:304)
at org.testng.SuiteRunnerWorker.runSuite(SuiteRunnerWorker.java:53)
at org.testng.SuiteRunnerWorker.run(SuiteRunnerWorker.java:96)
at org.testng.TestNG.runSuitesSequentially(TestNG.java:1180)
at org.testng.TestNG.runSuitesLocally(TestNG.java:1102)
at org.testng.TestNG.runSuites(TestNG.java:1032)
at org.testng.TestNG.run(TestNG.java:1000)
at org.testng.remote.AbstractRemoteTestNG.run(AbstractRemoteTestNG.java:115)
at org.testng.remote.RemoteTestNG.initAndRun(RemoteTestNG.java:251)
at org.testng.remote.RemoteTestNG.main(RemoteTestNG.java:77)
]]>
    </failure>
  </testcase> <!-- test_03 -->
</testsuite> <!-- Default test -->
